\BOOKMARK [0][-]{section*.2}{List\040of\040Figures}{}% 1
\BOOKMARK [0][-]{section*.3}{List\040of\040Tables}{}% 2
\BOOKMARK [0][-]{chapter.1}{Literature\040Review}{}% 3
\BOOKMARK [1][-]{section.1.1}{Introduction}{chapter.1}% 4
\BOOKMARK [1][-]{section.1.2}{Bullet\040Matching\040Background}{chapter.1}% 5
\BOOKMARK [1][-]{section.1.3}{Issues\040in\040Pattern\040Analysis}{chapter.1}% 6
\BOOKMARK [1][-]{section.1.4}{Quantitative\040Methods}{chapter.1}% 7
\BOOKMARK [1][-]{section.1.5}{Response\040Methods}{chapter.1}% 8
\BOOKMARK [1][-]{section.1.6}{Conclusion}{chapter.1}% 9
\BOOKMARK [0][-]{chapter.2}{Jury\040Perception\040of\040Bullet\040Matching\040Algorithms\040and\040Demostrative\040Evidence}{}% 10
\BOOKMARK [1][-]{section.2.1}{Background}{chapter.2}% 11
\BOOKMARK [1][-]{section.2.2}{Methods}{chapter.2}% 12
\BOOKMARK [1][-]{section.2.3}{Results}{chapter.2}% 13
\BOOKMARK [1][-]{section.2.4}{Discussion}{chapter.2}% 14
\BOOKMARK [0][-]{chapter.3}{Text\040analysis\040with\040Transcripts}{}% 15
\BOOKMARK [1][-]{section.3.1}{Introduction}{chapter.3}% 16
\BOOKMARK [1][-]{section.3.2}{Implementation}{chapter.3}% 17
\BOOKMARK [1][-]{section.3.3}{Case\040Study}{chapter.3}% 18
\BOOKMARK [1][-]{section.3.4}{Discussion}{chapter.3}% 19
\BOOKMARK [0][-]{chapter.4}{An\040Investigation\040of\040Response\040Types}{}% 20
\BOOKMARK [1][-]{section.4.1}{Background}{chapter.4}% 21
\BOOKMARK [1][-]{section.4.2}{Methods}{chapter.4}% 22
\BOOKMARK [1][-]{section.4.3}{Results}{chapter.4}% 23
\BOOKMARK [1][-]{section.4.4}{Conclusion}{chapter.4}% 24
\BOOKMARK [0][-]{chapter.5}{Conclusion\040-\040Initial\040Study\040Revisited}{}% 25
\BOOKMARK [1][-]{section.5.1}{Introduction}{chapter.5}% 26
\BOOKMARK [1][-]{section.5.2}{Methods}{chapter.5}% 27
\BOOKMARK [0][-]{appendix.A}{Testimony\040Transcripts}{}% 28
\BOOKMARK [1][-]{section.A.1}{Firearm\040Examiner}{appendix.A}% 29
\BOOKMARK [1][-]{section.A.2}{Algorithm\040Expert}{appendix.A}% 30
\BOOKMARK [0][-]{appendix.B}{Study\0402\040Changes}{}% 31
\BOOKMARK [1][-]{section.B.1}{Cautions\040Against\040Expert\040Witnesses}{appendix.B}% 32
\BOOKMARK [1][-]{section.B.2}{Clarifying\040Sides}{appendix.B}% 33
\BOOKMARK [1][-]{section.B.3}{Images}{appendix.B}% 34
\BOOKMARK [0][-]{appendix*.84}{Colophon}{}% 35
\BOOKMARK [0][-]{appendix*.85}{References}{}% 36
